<?xml version="1.0" encoding="UTF-8"?>
<testsuite xmlns:xsi="http://www.w3.org/2001/XMLSchema-instance" xsi:noNamespaceSchemaLocation="https://maven.apache.org/surefire/maven-surefire-plugin/xsd/surefire-test-report.xsd" name="services.implementations.ClientServiceTest" time="0.072" tests="4" errors="0" skipped="0" failures="0">
  <properties>
[...]
</properties>
  <testcase name="findByPassport" classname="services.implementations.ClientServiceTest" time="0.052"/>
  <testcase name="getPaginateData" classname="services.implementations.ClientServiceTest" time="0.007"/>
  <testcase name="updateTest" classname="services.implementations.ClientServiceTest" time="0.003"/>
  <testcase name="createTest" classname="services.implementations.ClientServiceTest" time="0.005"/>
</testsuite>